[debug] [2019-12-18T11:15:11.905Z] ----------------------------------------------------------------------
[debug] [2019-12-18T11:15:11.907Z] Command:       /usr/bin/node /usr/local/bin/firebase init
[debug] [2019-12-18T11:15:11.907Z] CLI Version:   7.10.0
[debug] [2019-12-18T11:15:11.907Z] Platform:      linux
[debug] [2019-12-18T11:15:11.907Z] Node Version:  v10.15.2
[debug] [2019-12-18T11:15:11.907Z] Time:          Wed Dec 18 2019 12:15:11 GMT+0100 (Central European Standard Time)
[debug] [2019-12-18T11:15:11.907Z] ----------------------------------------------------------------------
[debug] [2019-12-18T11:15:11.907Z] 
[debug] [2019-12-18T11:15:11.912Z] > command requires scopes: ["email","openid","https://www.googleapis.com/auth/cloudplatformprojects.readonly","https://www.googleapis.com/auth/firebase","https://www.googleapis.com/auth/cloud-platform"]
[debug] [2019-12-18T11:15:11.912Z] > authorizing via signed-in user
[info] 
     ######## #### ########  ######## ########     ###     ######  ########
     ##        ##  ##     ## ##       ##     ##  ##   ##  ##       ##
     ######    ##  ########  ######   ########  #########  ######  ######
     ##        ##  ##    ##  ##       ##     ## ##     ##       ## ##
     ##       #### ##     ## ######## ########  ##     ##  ######  ########

You're about to initialize a Firebase project in this directory:

  /home/abou/Bureau/COURSM1IOT/MOBILE Programming/Cordova/Map

[info] 
=== Project Setup
[info] 
[info] First, let's associate this project directory with a Firebase project.
[info] You can create multiple project aliases by running firebase use --add, 
[info] but for now we'll just set up a default project.
[info] 
[info] i  If you want to create a project in a Google Cloud organization or folder, please use "firebase projects:create" instead, and return to this command when you've created the project.
[debug] [2019-12-18T11:15:34.129Z] > refreshing access token with scopes: ["email","https://www.googleapis.com/auth/cloud-platform","https://www.googleapis.com/auth/cloudplatformprojects.readonly","https://www.googleapis.com/auth/firebase","openid"]
[debug] [2019-12-18T11:15:34.130Z] >>> HTTP REQUEST POST https://www.googleapis.com/oauth2/v3/token  
 <request body omitted>
[debug] [2019-12-18T11:15:34.308Z] <<< HTTP RESPONSE 200
[debug] [2019-12-18T11:15:34.315Z] >>> HTTP REQUEST POST https://cloudresourcemanager.googleapis.com/v1/projects  

[debug] [2019-12-18T11:15:35.050Z] <<< HTTP RESPONSE 400
[debug] [2019-12-18T11:15:35.050Z] <<< HTTP RESPONSE BODY
[debug] [2019-12-18T11:15:35.051Z] HTTP Error: 400, Request contains an invalid argument.
[debug] [2019-12-18T11:15:35.135Z] FirebaseError: HTTP Error: 400, Request contains an invalid argument.
    at module.exports (/usr/local/lib/node_modules/firebase-tools/lib/responseToError.js:38:12)
    at Request._callback (/usr/local/lib/node_modules/firebase-tools/lib/api.js:39:35)
    at Request.self.callback (/usr/local/lib/node_modules/firebase-tools/node_modules/request/request.js:185:22)
    at Request.emit (events.js:189:13)
    at Request.EventEmitter.emit (domain.js:441:20)
    at Request.<anonymous> (/usr/local/lib/node_modules/firebase-tools/node_modules/request/request.js:1161:10)
    at Request.emit (events.js:189:13)
    at Request.EventEmitter.emit (domain.js:441:20)
    at IncomingMessage.<anonymous> (/usr/local/lib/node_modules/firebase-tools/node_modules/request/request.js:1083:12)
    at Object.onceWrapper (events.js:277:13)
    at IncomingMessage.emit (events.js:194:15)
    at IncomingMessage.EventEmitter.emit (domain.js:441:20)
    at endReadableNT (_stream_readable.js:1103:12)
    at process._tickCallback (internal/process/next_tick.js:63:19)
[error] 
[error] Error: Failed to create Google Cloud project. See firebase-debug.log for more info.
